########### array before sorts ###########
0	3.810000	3.810000	75.870000	2.540000	n
1	75.870000	2.540000	75.870000	69.840000	n
2	75.870000	69.840000	3.810000	69.840000	n
3	3.810000	69.840000	3.810000	3.810000	n
Tolerance=0.050000.
*Exact match for i=0 and j=1.
*i point 3.810000	3.810000	75.870000	2.540000	y
*Exact match for i=1 and j=2.
*i point 75.870000	2.540000	75.870000	69.840000	y
*Exact match for i=2 and j=3.
*i point 75.870000	69.840000	3.810000	69.840000	y
########### array after sorts ###########
0	3.810000	3.810000	75.870000	2.540000	y
1	75.870000	2.540000	75.870000	69.840000	y
2	75.870000	69.840000	3.810000	69.840000	y
3	3.810000	69.840000	3.810000	3.810000	y
***************
.BOARD_OUTLINE UNOWNED
1.6
0     3.810000     3.810000     0
0     75.870000     2.540000     0
0     75.870000     69.840000     0
0     3.810000     69.840000     0
0     3.810000     3.810000     0
